#
# There is insufficient memory for the Java Runtime Environment to continue.
# Native memory allocation (malloc) failed to allocate 1007616 bytes for Chunk::new
# Possible reasons:
#   The system is out of physical RAM or swap space
#   The process is running with CompressedOops enabled, and the Java Heap may be blocking the growth of the native heap
# Possible solutions:
#   Reduce memory load on the system
#   Increase physical memory or swap space
#   Check if swap backing store is full
#   Decrease Java heap size (-Xmx/-Xms)
#   Decrease number of Java threads
#   Decrease Java thread stack sizes (-Xss)
#   Set larger code cache with -XX:ReservedCodeCacheSize=
#   JVM is running with Unscaled Compressed Oops mode in which the Java heap is
#     placed in the first 4GB address space. The Java Heap base address is the
#     maximum limit for the native heap growth. Please use -XX:HeapBaseMinAddress
#     to set the Java Heap base and to place the Java Heap above 4GB virtual address.
# This output file may be truncated or incomplete.
#
#  Out of Memory Error (t:/workspace/open/src/hotspot/share/memory/arena.cpp:196), pid=2568, tid=5464
#
# JRE version: Java(TM) SE Runtime Environment (13.0.2+8) (build 13.0.2+8)
# Java VM: Java HotSpot(TM) 64-Bit Server VM (13.0.2+8, mixed mode, sharing, tiered, compressed oops, g1 gc, windows-amd64)
# Core dump will be written. Default location: C:\Users\Administrator\Desktop\got\GOTHelper\hs_err_pid2568.mdmp
#

---------------  S U M M A R Y ------------

Command Line: -javaagent:C:\Program Files\JetBrains\IntelliJ IDEA Community Edition 2019.3.1\lib\idea_rt.jar=64754:C:\Program Files\JetBrains\IntelliJ IDEA Community Edition 2019.3.1\bin -Dfile.encoding=UTF-8 help.got.GotApplication

Host: Intel(R) Core(TM) i7-6700 CPU @ 3.40GHz, 2 cores, 3G,  Windows Server 2016 , 64 bit Build 14393 (10.0.14393.1198)
Time: Fri Jan 17 05:44:17 2020 Central Europe Standard Time elapsed time: 12 seconds (0d 0h 0m 12s)

---------------  T H R E A D  ---------------

Current thread (0x000001e2d03c5800):  JavaThread "C2 CompilerThread0" daemon [_thread_in_native, id=5464, stack(0x000000a2e6800000,0x000000a2e6900000)]


Current CompileTask:
C2:  12786 4085       4       org.springframework.core.annotation.AnnotationsScanner::getDeclaredAnnotations (166 bytes)

Stack: [0x000000a2e6800000,0x000000a2e6900000]
Native frames: (J=compiled Java code, j=interpreted, Vv=VM code, C=native code)
V  [jvm.dll+0x624f9a]
V  [jvm.dll+0x770cfa]
V  [jvm.dll+0x7724af]
V  [jvm.dll+0x772ab3]
V  [jvm.dll+0x24bf08]
V  [jvm.dll+0xc1e47]
V  [jvm.dll+0xc23cc]
V  [jvm.dll+0x2bdbf4]
V  [jvm.dll+0x5441fd]
V  [jvm.dll+0x20de66]
V  [jvm.dll+0x207501]
V  [jvm.dll+0x204d1d]
V  [jvm.dll+0x189c2c]
V  [jvm.dll+0x213e6d]
V  [jvm.dll+0x2120bb]
V  [jvm.dll+0x736bb6]
V  [jvm.dll+0x72fcaa]
V  [jvm.dll+0x623ea6]
C  [ucrtbase.dll+0x1cab0]
C  [KERNEL32.DLL+0x8364]
C  [ntdll.dll+0x67091]


---------------  P R O C E S S  ---------------

Threads class SMR info:
_java_thread_list=0x000001e2d4d7f1b0, length=18, elements={
0x000001e2b288e000, 0x000001e2b295d800, 0x000001e2d03a7000, 0x000001e2d03c0000,
0x000001e2d03c1000, 0x000001e2d03c5800, 0x000001e2d03c6800, 0x000001e2d03c8000,
0x000001e2b2944000, 0x000001e2d1165800, 0x000001e2d1166000, 0x000001e2d1c18800,
0x000001e2d1968800, 0x000001e2d28e2800, 0x000001e2d1ba7800, 0x000001e2d4c81000,
0x000001e2d173f800, 0x000001e2d271c000
}

Java Threads: ( => current thread )
  0x000001e2b288e000 JavaThread "main" [_thread_blocked, id=6244, stack(0x000000a2e5d00000,0x000000a2e5e00000)]
  0x000001e2b295d800 JavaThread "Reference Handler" daemon [_thread_blocked, id=1724, stack(0x000000a2e6400000,0x000000a2e6500000)]
  0x000001e2d03a7000 JavaThread "Finalizer" daemon [_thread_blocked, id=4404, stack(0x000000a2e6500000,0x000000a2e6600000)]
  0x000001e2d03c0000 JavaThread "Signal Dispatcher" daemon [_thread_blocked, id=6736, stack(0x000000a2e6600000,0x000000a2e6700000)]
  0x000001e2d03c1000 JavaThread "Attach Listener" daemon [_thread_blocked, id=4132, stack(0x000000a2e6700000,0x000000a2e6800000)]
=>0x000001e2d03c5800 JavaThread "C2 CompilerThread0" daemon [_thread_in_native, id=5464, stack(0x000000a2e6800000,0x000000a2e6900000)]
  0x000001e2d03c6800 JavaThread "C1 CompilerThread0" daemon [_thread_blocked, id=1904, stack(0x000000a2e6900000,0x000000a2e6a00000)]
  0x000001e2d03c8000 JavaThread "Sweeper thread" daemon [_thread_blocked, id=6444, stack(0x000000a2e6a00000,0x000000a2e6b00000)]
  0x000001e2b2944000 JavaThread "Common-Cleaner" daemon [_thread_blocked, id=4016, stack(0x000000a2e6b00000,0x000000a2e6c00000)]
  0x000001e2d1165800 JavaThread "Monitor Ctrl-Break" daemon [_thread_in_native, id=6932, stack(0x000000a2e6c00000,0x000000a2e6d00000)]
  0x000001e2d1166000 JavaThread "Service Thread" daemon [_thread_blocked, id=2320, stack(0x000000a2e6d00000,0x000000a2e6e00000)]
  0x000001e2d1c18800 JavaThread "Thread-0" [_thread_blocked, id=6092, stack(0x000000a2e7300000,0x000000a2e7400000)]
  0x000001e2d1968800 JavaThread "restartedMain" [_thread_in_Java, id=5392, stack(0x000000a2e7400000,0x000000a2e7500000)]
  0x000001e2d28e2800 JavaThread "HikariPool-1 housekeeper" daemon [_thread_blocked, id=6496, stack(0x000000a2e7700000,0x000000a2e7800000)]
  0x000001e2d1ba7800 JavaThread "Catalina-utility-1" [_thread_blocked, id=5432, stack(0x000000a2e7800000,0x000000a2e7900000)]
  0x000001e2d4c81000 JavaThread "Catalina-utility-2" [_thread_blocked, id=880, stack(0x000000a2e7900000,0x000000a2e7a00000)]
  0x000001e2d173f800 JavaThread "container-0" [_thread_blocked, id=4476, stack(0x000000a2e7a00000,0x000000a2e7b00000)]
  0x000001e2d271c000 JavaThread "HikariPool-1 connection adder" daemon [_thread_blocked, id=6644, stack(0x000000a2e7b00000,0x000000a2e7c00000)]

Other Threads:
  0x000001e2b295c800 VMThread "VM Thread" [stack: 0x000000a2e6300000,0x000000a2e6400000] [id=5080]
  0x000001e2d1168000 WatcherThread [stack: 0x000000a2e6e00000,0x000000a2e6f00000] [id=3116]
  0x000001e2b28ba800 GCTaskThread "GC Thread#0" [stack: 0x000000a2e5e00000,0x000000a2e5f00000] [id=7128]
  0x000001e2d0f47000 GCTaskThread "GC Thread#1" [stack: 0x000000a2e6f00000,0x000000a2e7000000] [id=5484]
  0x000001e2b28c4800 ConcurrentGCThread "G1 Main Marker" [stack: 0x000000a2e5f00000,0x000000a2e6000000] [id=4660]
  0x000001e2b28c7000 ConcurrentGCThread "G1 Conc#0" [stack: 0x000000a2e6000000,0x000000a2e6100000] [id=5688]
  0x000001e2b2916000 ConcurrentGCThread "G1 Refine#0" [stack: 0x000000a2e6100000,0x000000a2e6200000] [id=4296]
  0x000001e2b2918000 ConcurrentGCThread "G1 Young RemSet Sampling" [stack: 0x000000a2e6200000,0x000000a2e6300000] [id=6408]

Threads with active compile tasks:
C2 CompilerThread0    12876 4085       4       org.springframework.core.annotation.AnnotationsScanner::getDeclaredAnnotations (166 bytes)

VM state:not at safepoint (normal execution)

VM Mutex/Monitor currently owned by a thread: None

Heap address: 0x00000000c0000000, size: 1024 MB, Compressed Oops mode: 32-bit
Narrow klass base: 0x0000000800000000, Narrow klass shift: 3
Compressed class space size: 1073741824 Address: 0x0000000800b40000

Heap:
 garbage-first heap   total 65536K, used 44855K [0x00000000c0000000, 0x0000000100000000)
  region size 1024K, 29 young (29696K), 3 survivors (3072K)
 Metaspace       used 52287K, capacity 53608K, committed 53776K, reserved 1095680K
  class space    used 6946K, capacity 7431K, committed 7448K, reserved 1048576K
Heap Regions: E=young(eden), S=young(survivor), O=old, HS=humongous(starts), HC=humongous(continues), CS=collection set, F=free, A=archive, TAMS=top-at-mark-start (previous, next)
|   0|0x00000000c0000000, 0x00000000c0100000, 0x00000000c0100000|100%|HS|  |TAMS 0x00000000c0100000, 0x00000000c0000000| Complete 
|   1|0x00000000c0100000, 0x00000000c0200000, 0x00000000c0200000|100%| O|  |TAMS 0x00000000c0200000, 0x00000000c0100000| Untracked 
|   2|0x00000000c0200000, 0x00000000c0300000, 0x00000000c0300000|100%| O|  |TAMS 0x00000000c0300000, 0x00000000c0200000| Untracked 
|   3|0x00000000c0300000, 0x00000000c0400000, 0x00000000c0400000|100%| O|  |TAMS 0x00000000c0400000, 0x00000000c0300000| Untracked 
|   4|0x00000000c0400000, 0x00000000c0500000, 0x00000000c0500000|100%| O|  |TAMS 0x00000000c0500000, 0x00000000c0400000| Untracked 
|   5|0x00000000c0500000, 0x00000000c0600000, 0x00000000c0600000|100%| O|  |TAMS 0x00000000c0600000, 0x00000000c0500000| Untracked 
|   6|0x00000000c0600000, 0x00000000c0637000, 0x00000000c0700000| 21%| O|  |TAMS 0x00000000c0637000, 0x00000000c0600000| Untracked 
|   7|0x00000000c0700000, 0x00000000c0800000, 0x00000000c0800000|100%| O|  |TAMS 0x00000000c0800000, 0x00000000c0700000| Untracked 
|   8|0x00000000c0800000, 0x00000000c0900000, 0x00000000c0900000|100%| O|  |TAMS 0x00000000c0900000, 0x00000000c0800000| Untracked 
|   9|0x00000000c0900000, 0x00000000c0a00000, 0x00000000c0a00000|100%| O|  |TAMS 0x00000000c0a00000, 0x00000000c0900000| Untracked 
|  10|0x00000000c0a00000, 0x00000000c0b00000, 0x00000000c0b00000|100%| O|  |TAMS 0x00000000c0b00000, 0x00000000c0a00000| Untracked 
|  11|0x00000000c0b00000, 0x00000000c0c00000, 0x00000000c0c00000|100%| O|  |TAMS 0x00000000c0c00000, 0x00000000c0b00000| Untracked 
|  12|0x00000000c0c00000, 0x00000000c0d00000, 0x00000000c0d00000|100%| O|  |TAMS 0x00000000c0d00000, 0x00000000c0c00000| Untracked 
|  13|0x00000000c0d00000, 0x00000000c0e00000, 0x00000000c0e00000|100%| O|  |TAMS 0x00000000c0e00000, 0x00000000c0d00000| Untracked 
|  14|0x00000000c0e00000, 0x00000000c0ef3800, 0x00000000c0f00000| 95%| O|  |TAMS 0x00000000c0ec8400, 0x00000000c0e00000| Untracked 
|  15|0x00000000c0f00000, 0x00000000c1000000, 0x00000000c1000000|100%| O|  |TAMS 0x00000000c0f00000, 0x00000000c0f00000| Untracked 
|  16|0x00000000c1000000, 0x00000000c10f5800, 0x00000000c1100000| 95%| O|  |TAMS 0x00000000c1000000, 0x00000000c1000000| Untracked 
|  17|0x00000000c1100000, 0x00000000c1100000, 0x00000000c1200000|  0%| F|  |TAMS 0x00000000c1100000, 0x00000000c1100000| Untracked 
|  18|0x00000000c1200000, 0x00000000c1200000, 0x00000000c1300000|  0%| F|  |TAMS 0x00000000c1200000, 0x00000000c1200000| Untracked 
|  19|0x00000000c1300000, 0x00000000c1300000, 0x00000000c1400000|  0%| F|  |TAMS 0x00000000c1300000, 0x00000000c1300000| Untracked 
|  20|0x00000000c1400000, 0x00000000c1400000, 0x00000000c1500000|  0%| F|  |TAMS 0x00000000c1400000, 0x00000000c1400000| Untracked 
|  21|0x00000000c1500000, 0x00000000c1500000, 0x00000000c1600000|  0%| F|  |TAMS 0x00000000c1500000, 0x00000000c1500000| Untracked 
|  22|0x00000000c1600000, 0x00000000c1600000, 0x00000000c1700000|  0%| F|  |TAMS 0x00000000c1600000, 0x00000000c1600000| Untracked 
|  23|0x00000000c1700000, 0x00000000c1700000, 0x00000000c1800000|  0%| F|  |TAMS 0x00000000c1700000, 0x00000000c1700000| Untracked 
|  24|0x00000000c1800000, 0x00000000c1800000, 0x00000000c1900000|  0%| F|  |TAMS 0x00000000c1800000, 0x00000000c1800000| Untracked 
|  25|0x00000000c1900000, 0x00000000c1900000, 0x00000000c1a00000|  0%| F|  |TAMS 0x00000000c1900000, 0x00000000c1900000| Untracked 
|  26|0x00000000c1a00000, 0x00000000c1a00000, 0x00000000c1b00000|  0%| F|  |TAMS 0x00000000c1a00000, 0x00000000c1a00000| Untracked 
|  27|0x00000000c1b00000, 0x00000000c1b00000, 0x00000000c1c00000|  0%| F|  |TAMS 0x00000000c1b00000, 0x00000000c1b00000| Untracked 
|  28|0x00000000c1c00000, 0x00000000c1c00000, 0x00000000c1d00000|  0%| F|  |TAMS 0x00000000c1c00000, 0x00000000c1c00000| Untracked 
|  29|0x00000000c1d00000, 0x00000000c1d00000, 0x00000000c1e00000|  0%| F|  |TAMS 0x00000000c1d00000, 0x00000000c1d00000| Untracked 
|  30|0x00000000c1e00000, 0x00000000c1e00000, 0x00000000c1f00000|  0%| F|  |TAMS 0x00000000c1e00000, 0x00000000c1e00000| Untracked 
|  31|0x00000000c1f00000, 0x00000000c1f00000, 0x00000000c2000000|  0%| F|  |TAMS 0x00000000c1f00000, 0x00000000c1f00000| Untracked 
|  32|0x00000000c2000000, 0x00000000c20adc28, 0x00000000c2100000| 67%| S|CS|TAMS 0x00000000c2000000, 0x00000000c2000000| Complete 
|  33|0x00000000c2100000, 0x00000000c2200000, 0x00000000c2200000|100%| S|CS|TAMS 0x00000000c2100000, 0x00000000c2100000| Complete 
|  34|0x00000000c2200000, 0x00000000c2300000, 0x00000000c2300000|100%| S|CS|TAMS 0x00000000c2200000, 0x00000000c2200000| Complete 
|  35|0x00000000c2300000, 0x00000000c2300000, 0x00000000c2400000|  0%| F|  |TAMS 0x00000000c2300000, 0x00000000c2300000| Untracked 
|  36|0x00000000c2400000, 0x00000000c2400000, 0x00000000c2500000|  0%| F|  |TAMS 0x00000000c2400000, 0x00000000c2400000| Untracked 
|  37|0x00000000c2500000, 0x00000000c2500000, 0x00000000c2600000|  0%| F|  |TAMS 0x00000000c2500000, 0x00000000c2500000| Untracked 
|  38|0x00000000c2600000, 0x00000000c2700000, 0x00000000c2700000|100%| E|  |TAMS 0x00000000c2600000, 0x00000000c2600000| Complete 
|  39|0x00000000c2700000, 0x00000000c2800000, 0x00000000c2800000|100%| E|CS|TAMS 0x00000000c2700000, 0x00000000c2700000| Complete 
|  40|0x00000000c2800000, 0x00000000c2900000, 0x00000000c2900000|100%| E|CS|TAMS 0x00000000c2800000, 0x00000000c2800000| Complete 
|  41|0x00000000c2900000, 0x00000000c2a00000, 0x00000000c2a00000|100%| E|CS|TAMS 0x00000000c2900000, 0x00000000c2900000| Complete 
|  42|0x00000000c2a00000, 0x00000000c2b00000, 0x00000000c2b00000|100%| E|CS|TAMS 0x00000000c2a00000, 0x00000000c2a00000| Complete 
|  43|0x00000000c2b00000, 0x00000000c2c00000, 0x00000000c2c00000|100%| E|CS|TAMS 0x00000000c2b00000, 0x00000000c2b00000| Complete 
|  44|0x00000000c2c00000, 0x00000000c2d00000, 0x00000000c2d00000|100%| E|CS|TAMS 0x00000000c2c00000, 0x00000000c2c00000| Complete 
|  45|0x00000000c2d00000, 0x00000000c2e00000, 0x00000000c2e00000|100%| E|CS|TAMS 0x00000000c2d00000, 0x00000000c2d00000| Complete 
|  46|0x00000000c2e00000, 0x00000000c2f00000, 0x00000000c2f00000|100%| E|CS|TAMS 0x00000000c2e00000, 0x00000000c2e00000| Complete 
|  47|0x00000000c2f00000, 0x00000000c3000000, 0x00000000c3000000|100%| E|CS|TAMS 0x00000000c2f00000, 0x00000000c2f00000| Complete 
|  48|0x00000000c3000000, 0x00000000c3100000, 0x00000000c3100000|100%| E|CS|TAMS 0x00000000c3000000, 0x00000000c3000000| Complete 
|  49|0x00000000c3100000, 0x00000000c3200000, 0x00000000c3200000|100%| E|CS|TAMS 0x00000000c3100000, 0x00000000c3100000| Complete 
|  50|0x00000000c3200000, 0x00000000c3300000, 0x00000000c3300000|100%| E|CS|TAMS 0x00000000c3200000, 0x00000000c3200000| Complete 
|  51|0x00000000c3300000, 0x00000000c3400000, 0x00000000c3400000|100%| E|CS|TAMS 0x00000000c3300000, 0x00000000c3300000| Complete 
|  52|0x00000000c3400000, 0x00000000c3500000, 0x00000000c3500000|100%| E|CS|TAMS 0x00000000c3400000, 0x00000000c3400000| Complete 
|  53|0x00000000c3500000, 0x00000000c3600000, 0x00000000c3600000|100%| E|CS|TAMS 0x00000000c3500000, 0x00000000c3500000| Complete 
|  54|0x00000000c3600000, 0x00000000c3700000, 0x00000000c3700000|100%| E|CS|TAMS 0x00000000c3600000, 0x00000000c3600000| Complete 
|  55|0x00000000c3700000, 0x00000000c3800000, 0x00000000c3800000|100%| E|CS|TAMS 0x00000000c3700000, 0x00000000c3700000| Complete 
|  56|0x00000000c3800000, 0x00000000c3900000, 0x00000000c3900000|100%| E|CS|TAMS 0x00000000c3800000, 0x00000000c3800000| Complete 
|  57|0x00000000c3900000, 0x00000000c3a00000, 0x00000000c3a00000|100%| E|CS|TAMS 0x00000000c3900000, 0x00000000c3900000| Complete 
|  58|0x00000000c3a00000, 0x00000000c3b00000, 0x00000000c3b00000|100%| E|CS|TAMS 0x00000000c3a00000, 0x00000000c3a00000| Complete 
| 110|0x00000000c6e00000, 0x00000000c6f00000, 0x00000000c6f00000|100%| E|CS|TAMS 0x00000000c6e00000, 0x00000000c6e00000| Complete 
| 111|0x00000000c6f00000, 0x00000000c7000000, 0x00000000c7000000|100%| E|CS|TAMS 0x00000000c6f00000, 0x00000000c6f00000| Complete 
| 112|0x00000000c7000000, 0x00000000c7100000, 0x00000000c7100000|100%| E|CS|TAMS 0x00000000c7000000, 0x00000000c7000000| Complete 
| 113|0x00000000c7100000, 0x00000000c7200000, 0x00000000c7200000|100%| E|CS|TAMS 0x00000000c7100000, 0x00000000c7100000| Complete 
| 118|0x00000000c7600000, 0x00000000c7700000, 0x00000000c7700000|100%| E|CS|TAMS 0x00000000c7600000, 0x00000000c7600000| Complete 

Card table byte_map: [0x000001e2cbc10000,0x000001e2cbe10000] _byte_map_base: 0x000001e2cb610000

Marking Bits (Prev, Next): (CMBitMap*) 0x000001e2b28bb968, (CMBitMap*) 0x000001e2b28bb928
 Prev Bits: [0x000001e2cd010000, 0x000001e2ce010000)
 Next Bits: [0x000001e2cc010000, 0x000001e2cd010000)

Polling page: 0x000001e2b2660000

Metaspace:

Usage:
  Non-class:     45.09 MB capacity,    44.28 MB ( 98%) used,   679.08 KB (  1%) free+waste,   156.25 KB ( <1%) overhead. 
      Class:      7.26 MB capacity,     6.78 MB ( 93%) used,   411.64 KB (  6%) free+waste,    73.31 KB ( <1%) overhead. 
       Both:     52.35 MB capacity,    51.06 MB ( 98%) used,     1.07 MB (  2%) free+waste,   229.56 KB ( <1%) overhead. 

Virtual space:
  Non-class space:       46.00 MB reserved,      45.24 MB ( 98%) committed 
      Class space:        1.00 GB reserved,       7.27 MB ( <1%) committed 
             Both:        1.04 GB reserved,      52.52 MB (  5%) committed 

Chunk freelists:
   Non-Class:  23.00 KB
       Class:  0 bytes
        Both:  23.00 KB

MaxMetaspaceSize: 17179869184.00 GB
CompressedClassSpaceSize: 1.00 GB

CodeHeap 'non-profiled nmethods': size=120064Kb used=2195Kb max_used=2233Kb free=117869Kb
 bounds [0x000001e2c3fa0000, 0x000001e2c4210000, 0x000001e2cb4e0000]
CodeHeap 'profiled nmethods': size=120000Kb used=8844Kb max_used=9256Kb free=111156Kb
 bounds [0x000001e2bca70000, 0x000001e2bd380000, 0x000001e2c3fa0000]
CodeHeap 'non-nmethods': size=5696Kb used=1314Kb max_used=1355Kb free=4381Kb
 bounds [0x000001e2bc4e0000, 0x000001e2bc750000, 0x000001e2bca70000]
 total_blobs=6222 nmethods=4061 adapters=507
 compilation: enabled
              stopped_count=0, restarted_count=0
 full_count=0

Compilation events (20 events):
Event: 12.745 Thread 0x000001e2d03c6800 4330       2       org.springframework.data.repository.core.support.DefaultRepositoryInformation::getRepositoryInterface (10 bytes)
Event: 12.745 Thread 0x000001e2d03c6800 nmethod 4330 0x000001e2bcbd0c10 code [0x000001e2bcbd0dc0, 0x000001e2bcbd0f70]
Event: 12.748 Thread 0x000001e2d03c6800 4331       1       java.lang.StringUTF16$CharsSpliterator::characteristics (5 bytes)
Event: 12.748 Thread 0x000001e2d03c6800 nmethod 4331 0x000001e2c3fc3610 code [0x000001e2c3fc37a0, 0x000001e2c3fc38d8]
Event: 12.748 Thread 0x000001e2d03c6800 4332       2       java.util.regex.Matcher::end (67 bytes)
Event: 12.749 Thread 0x000001e2d03c6800 nmethod 4332 0x000001e2bca87d90 code [0x000001e2bca87fa0, 0x000001e2bca88570]
Event: 12.749 Thread 0x000001e2d03c6800 4333   !   2       java.util.regex.Pattern::RemoveQEQuoting (367 bytes)
Event: 12.751 Thread 0x000001e2d03c6800 nmethod 4333 0x000001e2bcb0f890 code [0x000001e2bcb0fb00, 0x000001e2bcb10810]
Event: 12.751 Thread 0x000001e2d03c6800 4334       2       java.util.ArrayList::<init> (67 bytes)
Event: 12.751 Thread 0x000001e2d03c6800 nmethod 4334 0x000001e2bca87710 code [0x000001e2bca878e0, 0x000001e2bca87c60]
Event: 12.755 Thread 0x000001e2d03c6800 4335       2       org.springframework.core.annotation.AnnotationTypeMapping::access$100 (4 bytes)
Event: 12.756 Thread 0x000001e2d03c6800 nmethod 4335 0x000001e2bcbd0890 code [0x000001e2bcbd0a20, 0x000001e2bcbd0b58]
Event: 12.756 Thread 0x000001e2d03c6800 4336   !   2       com.sun.proxy.$Proxy13::value (29 bytes)
Event: 12.756 Thread 0x000001e2d03c6800 nmethod 4336 0x000001e2bca87090 code [0x000001e2bca87260, 0x000001e2bca87580]
Event: 12.757 Thread 0x000001e2d03c6800 4337       2       java.lang.reflect.ProxyGenerator$ConstantPool::write (64 bytes)
Event: 12.758 Thread 0x000001e2d03c6800 nmethod 4337 0x000001e2bcb22610 code [0x000001e2bcb22840, 0x000001e2bcb22e90]
Event: 12.759 Thread 0x000001e2d03c6800 4338       2       org.springframework.beans.factory.support.AbstractBeanFactory::isTypeMatch (607 bytes)
Event: 12.762 Thread 0x000001e2d03c6800 nmethod 4338 0x000001e2bcad0e90 code [0x000001e2bcad12a0, 0x000001e2bcad2a20]
Event: 12.764 Thread 0x000001e2d03c6800 4340   !   2       org.springframework.beans.factory.annotation.InitDestroyAnnotationBeanPostProcessor::findLifecycleMetadata (87 bytes)
Event: 12.764 Thread 0x000001e2d03c6800 nmethod 4340 0x000001e2bcb21d10 code [0x000001e2bcb21f00, 0x000001e2bcb22410]

GC Heap History (20 events):
Event: 6.460 GC heap before
{Heap before GC invocations=9 (full 0):
 garbage-first heap   total 45056K, used 32864K [0x00000000c0000000, 0x0000000100000000)
  region size 1024K, 26 young (26624K), 5 survivors (5120K)
 Metaspace       used 23499K, capacity 24229K, committed 24320K, reserved 1071104K
  class space    used 2966K, capacity 3240K, committed 3328K, reserved 1048576K
}
Event: 6.484 GC heap after
{Heap after GC invocations=10 (full 0):
 garbage-first heap   total 45056K, used 12107K [0x00000000c0000000, 0x0000000100000000)
  region size 1024K, 3 young (3072K), 3 survivors (3072K)
 Metaspace       used 23499K, capacity 24229K, committed 24320K, reserved 1071104K
  class space    used 2966K, capacity 3240K, committed 3328K, reserved 1048576K
}
Event: 7.617 GC heap before
{Heap before GC invocations=10 (full 0):
 garbage-first heap   total 45056K, used 32587K [0x00000000c0000000, 0x0000000100000000)
  region size 1024K, 24 young (24576K), 3 survivors (3072K)
 Metaspace       used 27427K, capacity 28428K, committed 28544K, reserved 1073152K
  class space    used 3496K, capacity 3887K, committed 3968K, reserved 1048576K
}
Event: 7.631 GC heap after
{Heap after GC invocations=11 (full 0):
 garbage-first heap   total 55296K, used 13975K [0x00000000c0000000, 0x0000000100000000)
  region size 1024K, 3 young (3072K), 3 survivors (3072K)
 Metaspace       used 27427K, capacity 28428K, committed 28544K, reserved 1073152K
  class space    used 3496K, capacity 3887K, committed 3968K, reserved 1048576K
}
Event: 7.703 GC heap before
{Heap before GC invocations=11 (full 0):
 garbage-first heap   total 55296K, used 37527K [0x00000000c0000000, 0x0000000100000000)
  region size 1024K, 27 young (27648K), 3 survivors (3072K)
 Metaspace       used 27948K, capacity 28920K, committed 29056K, reserved 1075200K
  class space    used 3550K, capacity 3923K, committed 3968K, reserved 1048576K
}
Event: 7.715 GC heap after
{Heap after GC invocations=12 (full 0):
 garbage-first heap   total 55296K, used 14667K [0x00000000c0000000, 0x0000000100000000)
  region size 1024K, 3 young (3072K), 3 survivors (3072K)
 Metaspace       used 27948K, capacity 28920K, committed 29056K, reserved 1075200K
  class space    used 3550K, capacity 3923K, committed 3968K, reserved 1048576K
}
Event: 7.810 GC heap before
{Heap before GC invocations=12 (full 0):
 garbage-first heap   total 55296K, used 38219K [0x00000000c0000000, 0x0000000100000000)
  region size 1024K, 27 young (27648K), 3 survivors (3072K)
 Metaspace       used 28487K, capacity 29451K, committed 29696K, reserved 1075200K
  class space    used 3601K, capacity 3993K, committed 4096K, reserved 1048576K
}
Event: 7.823 GC heap after
{Heap after GC invocations=13 (full 0):
 garbage-first heap   total 55296K, used 15032K [0x00000000c0000000, 0x0000000100000000)
  region size 1024K, 1 young (1024K), 1 survivors (1024K)
 Metaspace       used 28487K, capacity 29451K, committed 29696K, reserved 1075200K
  class space    used 3601K, capacity 3993K, committed 4096K, reserved 1048576K
}
Event: 7.831 GC heap before
{Heap before GC invocations=13 (full 0):
 garbage-first heap   total 55296K, used 39608K [0x00000000c0000000, 0x0000000100000000)
  region size 1024K, 26 young (26624K), 1 survivors (1024K)
 Metaspace       used 28487K, capacity 29451K, committed 29696K, reserved 1075200K
  class space    used 3601K, capacity 3993K, committed 4096K, reserved 1048576K
}
Event: 7.839 GC heap after
{Heap after GC invocations=14 (full 0):
 garbage-first heap   total 55296K, used 14872K [0x00000000c0000000, 0x0000000100000000)
  region size 1024K, 1 young (1024K), 1 survivors (1024K)
 Metaspace       used 28487K, capacity 29451K, committed 29696K, reserved 1075200K
  class space    used 3601K, capacity 3993K, committed 4096K, reserved 1048576K
}
Event: 8.275 GC heap before
{Heap before GC invocations=14 (full 0):
 garbage-first heap   total 55296K, used 39448K [0x00000000c0000000, 0x0000000100000000)
  region size 1024K, 26 young (26624K), 1 survivors (1024K)
 Metaspace       used 32157K, capacity 33127K, committed 33408K, reserved 1079296K
  class space    used 3982K, capacity 4365K, committed 4480K, reserved 1048576K
}
Event: 8.282 GC heap after
{Heap after GC invocations=15 (full 0):
 garbage-first heap   total 66560K, used 15928K [0x00000000c0000000, 0x0000000100000000)
  region size 1024K, 2 young (2048K), 2 survivors (2048K)
 Metaspace       used 32157K, capacity 33127K, committed 33408K, reserved 1079296K
  class space    used 3982K, capacity 4365K, committed 4480K, reserved 1048576K
}
Event: 8.972 GC heap before
{Heap before GC invocations=15 (full 0):
 garbage-first heap   total 66560K, used 29240K [0x00000000c0000000, 0x0000000100000000)
  region size 1024K, 16 young (16384K), 2 survivors (2048K)
 Metaspace       used 34653K, capacity 35571K, committed 35584K, reserved 1081344K
  class space    used 4248K, capacity 4604K, committed 4608K, reserved 1048576K
}
Event: 8.982 GC heap after
{Heap after GC invocations=16 (full 0):
 garbage-first heap   total 66560K, used 16549K [0x00000000c0000000, 0x0000000100000000)
  region size 1024K, 3 young (3072K), 3 survivors (3072K)
 Metaspace       used 34653K, capacity 35571K, committed 35584K, reserved 1081344K
  class space    used 4248K, capacity 4604K, committed 4608K, reserved 1048576K
}
Event: 10.846 GC heap before
{Heap before GC invocations=17 (full 0):
 garbage-first heap   total 66560K, used 44197K [0x00000000c0000000, 0x0000000100000000)
  region size 1024K, 30 young (30720K), 3 survivors (3072K)
 Metaspace       used 38974K, capacity 39958K, committed 40080K, reserved 1083392K
  class space    used 5081K, capacity 5489K, committed 5528K, reserved 1048576K
}
Event: 10.859 GC heap after
{Heap after GC invocations=18 (full 0):
 garbage-first heap   total 66560K, used 17255K [0x00000000c0000000, 0x0000000100000000)
  region size 1024K, 3 young (3072K), 3 survivors (3072K)
 Metaspace       used 38974K, capacity 39958K, committed 40080K, reserved 1083392K
  class space    used 5081K, capacity 5489K, committed 5528K, reserved 1048576K
}
Event: 11.428 GC heap before
{Heap before GC invocations=19 (full 0):
 garbage-first heap   total 65536K, used 45927K [0x00000000c0000000, 0x0000000100000000)
  region size 1024K, 31 young (31744K), 3 survivors (3072K)
 Metaspace       used 43778K, capacity 44849K, committed 45072K, reserved 1087488K
  class space    used 5695K, capacity 6117K, committed 6168K, reserved 1048576K
}
Event: 11.443 GC heap after
{Heap after GC invocations=20 (full 0):
 garbage-first heap   total 65536K, used 18537K [0x00000000c0000000, 0x0000000100000000)
  region size 1024K, 3 young (3072K), 3 survivors (3072K)
 Metaspace       used 43778K, capacity 44849K, committed 45072K, reserved 1087488K
  class space    used 5695K, capacity 6117K, committed 6168K, reserved 1048576K
}
Event: 12.091 GC heap before
{Heap before GC invocations=20 (full 0):
 garbage-first heap   total 65536K, used 47209K [0x00000000c0000000, 0x0000000100000000)
  region size 1024K, 31 young (31744K), 3 survivors (3072K)
 Metaspace       used 48660K, capacity 49691K, committed 49936K, reserved 1091584K
  class space    used 6475K, capacity 6872K, committed 6936K, reserved 1048576K
}
Event: 12.106 GC heap after
{Heap after GC invocations=21 (full 0):
 garbage-first heap   total 65536K, used 19255K [0x00000000c0000000, 0x0000000100000000)
  region size 1024K, 3 young (3072K), 3 survivors (3072K)
 Metaspace       used 48660K, capacity 49691K, committed 49936K, reserved 1091584K
  class space    used 6475K, capacity 6872K, committed 6936K, reserved 1048576K
}

Deoptimization events (20 events):
Event: 12.719 Thread 0x000001e2d1968800 Uncommon trap: trap_request=0xffffffde fr.pc=0x000001e2c41d5300 relative=0x0000000000006640
Event: 12.719 Thread 0x000001e2d1968800 Uncommon trap: reason=class_check action=maybe_recompile pc=0x000001e2c41d5300 method=org.springframework.beans.factory.support.AbstractBeanFactory.isTypeMatch(Ljava/lang/String;Lorg/springframework/core/ResolvableType;Z)Z @ 53 c2
Event: 12.719 Thread 0x000001e2d1968800 DEOPT PACKING pc=0x000001e2c41d5300 sp=0x000000a2e74fd0c0
Event: 12.719 Thread 0x000001e2d1968800 DEOPT UNPACKING pc=0x000001e2bc52912f sp=0x000000a2e74fd070 mode 2
Event: 12.719 Thread 0x000001e2d1968800 Uncommon trap: trap_request=0xffffffde fr.pc=0x000001e2c41d5300 relative=0x0000000000006640
Event: 12.719 Thread 0x000001e2d1968800 Uncommon trap: reason=class_check action=maybe_recompile pc=0x000001e2c41d5300 method=org.springframework.beans.factory.support.AbstractBeanFactory.isTypeMatch(Ljava/lang/String;Lorg/springframework/core/ResolvableType;Z)Z @ 53 c2
Event: 12.719 Thread 0x000001e2d1968800 DEOPT PACKING pc=0x000001e2c41d5300 sp=0x000000a2e74fd0c0
Event: 12.719 Thread 0x000001e2d1968800 DEOPT UNPACKING pc=0x000001e2bc52912f sp=0x000000a2e74fd070 mode 2
Event: 12.719 Thread 0x000001e2d1968800 Uncommon trap: trap_request=0xffffffde fr.pc=0x000001e2c41d5300 relative=0x0000000000006640
Event: 12.719 Thread 0x000001e2d1968800 Uncommon trap: reason=class_check action=maybe_recompile pc=0x000001e2c41d5300 method=org.springframework.beans.factory.support.AbstractBeanFactory.isTypeMatch(Ljava/lang/String;Lorg/springframework/core/ResolvableType;Z)Z @ 53 c2
Event: 12.719 Thread 0x000001e2d1968800 DEOPT PACKING pc=0x000001e2c41d5300 sp=0x000000a2e74fd0c0
Event: 12.719 Thread 0x000001e2d1968800 DEOPT UNPACKING pc=0x000001e2bc52912f sp=0x000000a2e74fd070 mode 2
Event: 12.725 Thread 0x000001e2d1968800 Uncommon trap: trap_request=0xffffff54 fr.pc=0x000001e2c407aee4 relative=0x00000000000001a4
Event: 12.725 Thread 0x000001e2d1968800 Uncommon trap: reason=speculate_null_assert action=make_not_entrant pc=0x000001e2c407aee4 method=org.springframework.util.ConcurrentReferenceHashMap$Segment.restructureIfNecessary(Z)V @ 41 c2
Event: 12.725 Thread 0x000001e2d1968800 DEOPT PACKING pc=0x000001e2c407aee4 sp=0x000000a2e74fc840
Event: 12.725 Thread 0x000001e2d1968800 DEOPT UNPACKING pc=0x000001e2bc52912f sp=0x000000a2e74fc7f8 mode 2
Event: 12.758 Thread 0x000001e2d1968800 Uncommon trap: trap_request=0xffffffde fr.pc=0x000001e2c41d5300 relative=0x0000000000006640
Event: 12.758 Thread 0x000001e2d1968800 Uncommon trap: reason=class_check action=maybe_recompile pc=0x000001e2c41d5300 method=org.springframework.beans.factory.support.AbstractBeanFactory.isTypeMatch(Ljava/lang/String;Lorg/springframework/core/ResolvableType;Z)Z @ 53 c2
Event: 12.758 Thread 0x000001e2d1968800 DEOPT PACKING pc=0x000001e2c41d5300 sp=0x000000a2e74fd0c0
Event: 12.758 Thread 0x000001e2d1968800 DEOPT UNPACKING pc=0x000001e2bc52912f sp=0x000000a2e74fd070 mode 2

Classes unloaded (1 events):
Event: 10.906 Thread 0x000001e2b295c800 Unloading class 0x0000000800c09040 'org/springframework/core/GenericTypeResolver$$Lambda$92'

Classes redefined (0 events):
No events

Internal exceptions (20 events):
Event: 12.180 Thread 0x000001e2d1968800 Exception <a 'java/lang/ClassNotFoundException'{0x00000000c71ec9d8}: java/lang/ObjectCustomizer> (0x00000000c71ec9d8) 
thrown [t:/workspace/open/src/hotspot/share/classfile/systemDictionary.cpp, line 232]
Event: 12.181 Thread 0x000001e2d1968800 Exception <a 'java/lang/ClassNotFoundException'{0x00000000c71ff640}: org/springframework/core/io/support/PropertiesLoaderSupportCustomizer> (0x00000000c71ff640) 
thrown [t:/workspace/open/src/hotspot/share/classfile/systemDictionary.cpp, line 232]
Event: 12.182 Thread 0x000001e2d1968800 Exception <a 'java/lang/ClassNotFoundException'{0x00000000c7017c78}: org/springframework/beans/factory/config/PropertiesFactoryBeanCustomizer> (0x00000000c7017c78) 
thrown [t:/workspace/open/src/hotspot/share/classfile/systemDictionary.cpp, line 232]
Event: 12.184 Thread 0x000001e2d1968800 Exception <a 'java/lang/ClassNotFoundException'{0x00000000c70362c0}: org/springframework/beans/factory/FactoryBeanCustomizer> (0x00000000c70362c0) 
thrown [t:/workspace/open/src/hotspot/share/classfile/systemDictionary.cpp, line 232]
Event: 12.185 Thread 0x000001e2d1968800 Exception <a 'java/lang/ClassNotFoundException'{0x00000000c70474a8}: org/springframework/beans/factory/InitializingBeanCustomizer> (0x00000000c70474a8) 
thrown [t:/workspace/open/src/hotspot/share/classfile/systemDictionary.cpp, line 232]
Event: 12.225 Thread 0x000001e2d1968800 Implicit null exception at 0x000001e2c418bcee to 0x000001e2c418dc4a
Event: 12.271 Thread 0x000001e2d1968800 Exception <a 'java/lang/NoSuchMethodError'{0x00000000c3ad3d98}: 'java.lang.Object java.lang.invoke.DirectMethodHandle$Holder.invokeSpecialIFC(java.lang.Object, java.lang.Object, java.lang.Object)'> (0x00000000c3ad3d98) 
thrown [t:/workspace/open/src/hotspot/share/interpreter/linkResolver.cpp, line 767]
Event: 12.327 Thread 0x000001e2d1968800 Exception <a 'java/lang/NoSuchMethodError'{0x00000000c385d098}: 'java.lang.Object java.lang.invoke.DirectMethodHandle$Holder.invokeInterface(java.lang.Object, java.lang.Object, java.lang.Object)'> (0x00000000c385d098) 
thrown [t:/workspace/open/src/hotspot/share/interpreter/linkResolver.cpp, line 767]
Event: 12.500 Thread 0x000001e2d1968800 Exception <a 'java/lang/ClassNotFoundException'{0x00000000c35d2e00}: java/lang/ObjectCustomizer> (0x00000000c35d2e00) 
thrown [t:/workspace/open/src/hotspot/share/classfile/systemDictionary.cpp, line 232]
Event: 12.501 Thread 0x000001e2d1968800 Exception <a 'java/lang/ClassNotFoundException'{0x00000000c35e19f0}: help/got/model/TouristCustomizer> (0x00000000c35e19f0) 
thrown [t:/workspace/open/src/hotspot/share/classfile/systemDictionary.cpp, line 232]
Event: 12.529 Thread 0x000001e2d1968800 Exception <a 'java/lang/NoSuchMethodError'{0x00000000c34ed748}: 'int java.lang.invoke.DirectMethodHandle$Holder.invokeVirtual(java.lang.Object, java.lang.Object, java.lang.Object)'> (0x00000000c34ed748) 
thrown [t:/workspace/open/src/hotspot/share/interpreter/linkResolver.cpp, line 767]
Event: 12.552 Thread 0x000001e2d1968800 Exception <a 'java/lang/IncompatibleClassChangeError'{0x00000000c3200048}: Found class java.lang.Object, but interface was expected> (0x00000000c3200048) 
thrown [t:/workspace/open/src/hotspot/share/interpreter/linkResolver.cpp, line 833]
Event: 12.631 Thread 0x000001e2d1968800 Exception <a 'java/lang/reflect/InvocationTargetException'{0x00000000c2e62178}> (0x00000000c2e62178) 
thrown [t:/workspace/open/src/hotspot/share/runtime/reflection.cpp, line 1188]
Event: 12.646 Thread 0x000001e2d1968800 Exception <a 'java/lang/NoSuchMethodError'{0x00000000c2ee6740}: 'int java.lang.invoke.DirectMethodHandle$Holder.invokeStatic(java.lang.Object, java.lang.Object, int)'> (0x00000000c2ee6740) 
thrown [t:/workspace/open/src/hotspot/share/interpreter/linkResolver.cpp, line 767]
Event: 12.650 Thread 0x000001e2d1968800 Exception <a 'java/lang/NoSuchMethodError'{0x00000000c2d09eb0}: 'java.lang.Object java.lang.invoke.Invokers$Holder.linkToTargetMethod(java.lang.Object, int, java.lang.Object)'> (0x00000000c2d09eb0) 
thrown [t:/workspace/open/src/hotspot/share/interpreter/linkResolver.cpp, line 767]
Event: 12.654 Thread 0x000001e2d1968800 Exception <a 'java/lang/IncompatibleClassChangeError'{0x00000000c2d42cd8}: Found class java.lang.Object, but interface was expected> (0x00000000c2d42cd8) 
thrown [t:/workspace/open/src/hotspot/share/interpreter/linkResolver.cpp, line 833]
Event: 12.700 Thread 0x000001e2d1968800 Exception <a 'java/lang/reflect/InvocationTargetException'{0x00000000c2bd2050}> (0x00000000c2bd2050) 
thrown [t:/workspace/open/src/hotspot/share/runtime/reflection.cpp, line 1188]
Event: 12.726 Thread 0x000001e2d1968800 Exception <a 'java/lang/ClassNotFoundException'{0x00000000c2ad2e30}: java/lang/ObjectCustomizer> (0x00000000c2ad2e30) 
thrown [t:/workspace/open/src/hotspot/share/classfile/systemDictionary.cpp, line 232]
Event: 12.727 Thread 0x000001e2d1968800 Exception <a 'java/lang/ClassNotFoundException'{0x00000000c2ae1960}: help/got/model/PointCustomizer> (0x00000000c2ae1960) 
thrown [t:/workspace/open/src/hotspot/share/classfile/systemDictionary.cpp, line 232]
Event: 12.748 Thread 0x000001e2d1968800 Exception <a 'java/lang/reflect/InvocationTargetException'{0x00000000c28289f8}> (0x00000000c28289f8) 
thrown [t:/workspace/open/src/hotspot/share/runtime/reflection.cpp, line 1188]

Events (20 events):
Event: 12.737 loading class org/springframework/data/util/TypeInformation
Event: 12.737 loading class org/springframework/data/util/TypeInformation done
Event: 12.738 loading class java/util/WeakHashMap$KeyIterator
Event: 12.738 loading class java/util/WeakHashMap$KeyIterator done
Event: 12.738 loading class org/springframework/data/util/TypeInformation
Event: 12.738 loading class org/springframework/data/util/TypeInformation done
Event: 12.738 loading class org/springframework/data/util/TypeInformation
Event: 12.738 loading class org/springframework/data/util/TypeInformation done
Event: 12.738 loading class org/springframework/data/util/TypeInformation
Event: 12.738 loading class org/springframework/data/util/TypeInformation done
Event: 12.745 loading class org/springframework/data/projection/DefaultMethodInvokingMethodInterceptor$MethodHandleLookup
Event: 12.745 loading class org/springframework/data/projection/DefaultMethodInvokingMethodInterceptor$MethodHandleLookup done
Event: 12.746 loading class org/springframework/data/projection/DefaultMethodInvokingMethodInterceptor$MethodHandleLookup$1
Event: 12.746 loading class org/springframework/data/projection/DefaultMethodInvokingMethodInterceptor$MethodHandleLookup$1 done
Event: 12.746 loading class org/springframework/data/projection/DefaultMethodInvokingMethodInterceptor$MethodHandleLookup$2
Event: 12.746 loading class org/springframework/data/projection/DefaultMethodInvokingMethodInterceptor$MethodHandleLookup$2 done
Event: 12.746 loading class org/springframework/data/projection/DefaultMethodInvokingMethodInterceptor$MethodHandleLookup$3
Event: 12.746 loading class org/springframework/data/projection/DefaultMethodInvokingMethodInterceptor$MethodHandleLookup$3 done
Event: 12.764 loading class org/springframework/boot/task/TaskExecutorCustomizer
Event: 12.764 loading class org/springframework/boot/task/TaskExecutorCustomizer done


Dynamic libraries:
0x00007ff64d020000 - 0x00007ff64d02f000 	C:\Program Files\Java\jdk-13.0.2\bin\java.exe
0x00007fffd96f0000 - 0x00007fffd98c2000 	C:\Windows\SYSTEM32\ntdll.dll
0x00007fffd7420000 - 0x00007fffd74cc000 	C:\Windows\System32\KERNEL32.DLL
0x00007fffd5e80000 - 0x00007fffd609d000 	C:\Windows\System32\KERNELBASE.dll
0x00007fffd68f0000 - 0x00007fffd69e5000 	C:\Windows\System32\ucrtbase.dll
0x00007fffcf300000 - 0x00007fffcf318000 	C:\Program Files\Java\jdk-13.0.2\bin\jli.dll
0x00007fffd7330000 - 0x00007fffd73d2000 	C:\Windows\System32\ADVAPI32.dll
0x00007fffd7950000 - 0x00007fffd79ee000 	C:\Windows\System32\msvcrt.dll
0x00007fffd7030000 - 0x00007fffd7089000 	C:\Windows\System32\sechost.dll
0x00007fffd7190000 - 0x00007fffd72b1000 	C:\Windows\System32\RPCRT4.dll
0x00007fffd9350000 - 0x00007fffd94b5000 	C:\Windows\System32\USER32.dll
0x00007fffd60a0000 - 0x00007fffd60be000 	C:\Windows\System32\win32u.dll
0x00007fffd73e0000 - 0x00007fffd7414000 	C:\Windows\System32\GDI32.dll
0x00007fffd6aa0000 - 0x00007fffd6c20000 	C:\Windows\System32\gdi32full.dll
0x00007fffcdd90000 - 0x00007fffcdda5000 	C:\Program Files\Java\jdk-13.0.2\bin\VCRUNTIME140.dll
0x00007fffd1b00000 - 0x00007fffd1d7a000 	C:\Windows\WinSxS\amd64_microsoft.windows.common-controls_6595b64144ccf1df_6.0.14393.953_none_42151e83c686086b\COMCTL32.dll
0x00007fffd6d00000 - 0x00007fffd6fc8000 	C:\Windows\System32\combase.dll
0x00007fffd5e10000 - 0x00007fffd5e7a000 	C:\Windows\System32\bcryptPrimitives.dll
0x00007fffd2bd0000 - 0x00007fffd2bda000 	C:\Windows\SYSTEM32\VERSION.dll
0x00007fffd9600000 - 0x00007fffd962e000 	C:\Windows\System32\IMM32.DLL
0x00007fffc10a0000 - 0x00007fffc113b000 	C:\Program Files\Java\jdk-13.0.2\bin\msvcp140.dll
0x00007fffbe630000 - 0x00007fffbf18d000 	C:\Program Files\Java\jdk-13.0.2\bin\server\jvm.dll
0x00007fffd7890000 - 0x00007fffd7898000 	C:\Windows\System32\PSAPI.DLL
0x00007fffd0c70000 - 0x00007fffd0c79000 	C:\Windows\SYSTEM32\WSOCK32.dll
0x00007fffc3540000 - 0x00007fffc3563000 	C:\Windows\SYSTEM32\WINMM.dll
0x00007fffd72c0000 - 0x00007fffd732a000 	C:\Windows\System32\WS2_32.dll
0x00007fffc91d0000 - 0x00007fffc91fb000 	C:\Windows\SYSTEM32\WINMMBASE.dll
0x00007fffd5bf0000 - 0x00007fffd5c32000 	C:\Windows\System32\cfgmgr32.dll
0x00007fffd5b90000 - 0x00007fffd5b9f000 	C:\Windows\System32\kernel.appcore.dll
0x00007fffd0120000 - 0x00007fffd0130000 	C:\Program Files\Java\jdk-13.0.2\bin\verify.dll
0x00007fffc20a0000 - 0x00007fffc2232000 	C:\Windows\SYSTEM32\DBGHELP.DLL
0x00007fffcf340000 - 0x00007fffcf369000 	C:\Windows\SYSTEM32\dbgcore.DLL
0x00007fffcd0b0000 - 0x00007fffcd0d6000 	C:\Program Files\Java\jdk-13.0.2\bin\java.dll
0x00007fffcdd80000 - 0x00007fffcdd8e000 	C:\Program Files\Java\jdk-13.0.2\bin\instrument.dll
0x00007fffcd090000 - 0x00007fffcd0a7000 	C:\Program Files\Java\jdk-13.0.2\bin\zip.dll
0x00007fffcf330000 - 0x00007fffcf33a000 	C:\Program Files\Java\jdk-13.0.2\bin\jimage.dll
0x00007fffd79f0000 - 0x00007fffd8ef8000 	C:\Windows\System32\SHELL32.dll
0x00007fffd6210000 - 0x00007fffd68ea000 	C:\Windows\System32\windows.storage.dll
0x00007fffd5ba0000 - 0x00007fffd5bec000 	C:\Windows\System32\powrprof.dll
0x00007fffd7690000 - 0x00007fffd76e2000 	C:\Windows\System32\shlwapi.dll
0x00007fffd60c0000 - 0x00007fffd6169000 	C:\Windows\System32\shcore.dll
0x00007fffd5b60000 - 0x00007fffd5b74000 	C:\Windows\System32\profapi.dll
0x00007fffcd070000 - 0x00007fffcd089000 	C:\Program Files\Java\jdk-13.0.2\bin\net.dll
0x00007fffd2ea0000 - 0x00007fffd2f6d000 	C:\Windows\SYSTEM32\WINHTTP.dll
0x00007fffd5430000 - 0x00007fffd548c000 	C:\Windows\system32\mswsock.dll
0x00007fffcacf0000 - 0x00007fffcad03000 	C:\Program Files\Java\jdk-13.0.2\bin\nio.dll
0x00007fffc3330000 - 0x00007fffc334a000 	C:\Program Files\JetBrains\IntelliJ IDEA Community Edition 2019.3.1\bin\breakgen64.dll
0x00007fffcd160000 - 0x00007fffcd169000 	C:\Program Files\Java\jdk-13.0.2\bin\management.dll
0x00007fffcace0000 - 0x00007fffcaceb000 	C:\Program Files\Java\jdk-13.0.2\bin\management_ext.dll
0x00007fffbb6d0000 - 0x00007fffbb6e6000 	C:\Windows\system32\napinsp.dll
0x00007fffd51f0000 - 0x00007fffd5291000 	C:\Windows\SYSTEM32\DNSAPI.dll
0x00007fffd7940000 - 0x00007fffd7948000 	C:\Windows\System32\NSI.dll
0x00007fffd51b0000 - 0x00007fffd51e8000 	C:\Windows\SYSTEM32\IPHLPAPI.DLL
0x00007fffcbf90000 - 0x00007fffcbf9e000 	C:\Windows\System32\winrnr.dll
0x00007fffd0760000 - 0x00007fffd0778000 	C:\Windows\system32\NLAapi.dll
0x00007fffcfb70000 - 0x00007fffcfb7a000 	C:\Windows\System32\rasadhlp.dll
0x00007fffd0c00000 - 0x00007fffd0c6a000 	C:\Windows\System32\fwpuclnt.dll
0x00007fffd5ab0000 - 0x00007fffd5adb000 	C:\Windows\SYSTEM32\bcrypt.dll
0x00007fffd55e0000 - 0x00007fffd55f7000 	C:\Windows\SYSTEM32\CRYPTSP.dll
0x00007fffd5030000 - 0x00007fffd5063000 	C:\Windows\system32\rsaenh.dll
0x00007fffd52b0000 - 0x00007fffd52cf000 	C:\Windows\SYSTEM32\USERENV.dll
0x00007fffd55d0000 - 0x00007fffd55db000 	C:\Windows\SYSTEM32\CRYPTBASE.dll
0x00007fffd1f70000 - 0x00007fffd1f86000 	C:\Windows\SYSTEM32\dhcpcsvc6.DLL
0x00007fffd1f50000 - 0x00007fffd1f6a000 	C:\Windows\SYSTEM32\dhcpcsvc.DLL

dbghelp: loaded successfully - version: 4.0.5 - missing functions: none
symbol engine: initialized successfully - sym options: 0x614 - pdb path: .;C:\Program Files\Java\jdk-13.0.2\bin;C:\Windows\SYSTEM32;C:\Windows\WinSxS\amd64_microsoft.windows.common-controls_6595b64144ccf1df_6.0.14393.953_none_42151e83c686086b;C:\Program Files\Java\jdk-13.0.2\bin\server;C:\Program Files\JetBrains\IntelliJ IDEA Community Edition 2019.3.1\bin

VM Arguments:
jvm_args: -javaagent:C:\Program Files\JetBrains\IntelliJ IDEA Community Edition 2019.3.1\lib\idea_rt.jar=64754:C:\Program Files\JetBrains\IntelliJ IDEA Community Edition 2019.3.1\bin -Dfile.encoding=UTF-8 
java_command: help.got.GotApplication
java_class_path (initial): C:\Users\Administrator\Desktop\got\GOTHelper\target\classes;C:\Users\Administrator\.m2\repository\org\springframework\boot\spring-boot-starter-thymeleaf\2.2.2.RELEASE\spring-boot-starter-thymeleaf-2.2.2.RELEASE.jar;C:\Users\Administrator\.m2\repository\org\thymeleaf\thymeleaf-spring5\3.0.11.RELEASE\thymeleaf-spring5-3.0.11.RELEASE.jar;C:\Users\Administrator\.m2\repository\org\thymeleaf\thymeleaf\3.0.11.RELEASE\thymeleaf-3.0.11.RELEASE.jar;C:\Users\Administrator\.m2\repository\org\attoparser\attoparser\2.0.5.RELEASE\attoparser-2.0.5.RELEASE.jar;C:\Users\Administrator\.m2\repository\org\unbescape\unbescape\1.1.6.RELEASE\unbescape-1.1.6.RELEASE.jar;C:\Users\Administrator\.m2\repository\org\slf4j\slf4j-api\1.7.29\slf4j-api-1.7.29.jar;C:\Users\Administrator\.m2\repository\org\thymeleaf\extras\thymeleaf-extras-java8time\3.0.4.RELEASE\thymeleaf-extras-java8time-3.0.4.RELEASE.jar;C:\Users\Administrator\.m2\repository\org\springframework\boot\spring-boot-starter-web\2.2.2.RELEASE\spring-boot-starter-web-2.2.2.RELEASE.jar;C:\Users\Administrator\.m2\repository\org\springframework\boot\spring-boot-starter-json\2.2.2.RELEASE\spring-boot-starter-json-2.2.2.RELEASE.jar;C:\Users\Administrator\.m2\repository\com\fasterxml\jackson\core\jackson-databind\2.10.1\jackson-databind-2.10.1.jar;C:\Users\Administrator\.m2\repository\com\fasterxml\jackson\core\jackson-annotations\2.10.1\jackson-annotations-2.10.1.jar;C:\Users\Administrator\.m2\repository\com\fasterxml\jackson\core\jackson-core\2.10.1\jackson-core-2.10.1.jar;C:\Users\Administrator\.m2\repository\com\fasterxml\jackson\datatype\jackson-datatype-jdk8\2.10.1\jackson-datatype-jdk8-2.10.1.jar;C:\Users\Administrator\.m2\repository\com\fasterxml\jackson\datatype\jackson-datatype-jsr310\2.10.1\jackson-datatype-jsr310-2.10.1.jar;C:\Users\Administrator\.m2\repository\com\fasterxml\jackson\module\jackson-module-parameter-names\2.10.1\jackson-module-parameter-names-2.10.1.jar;C:\Users\Administrator\.m2\repositor
Launcher Type: SUN_STANDARD

[Global flags]
     intx CICompilerCount                          = 2                                         {product} {ergonomic}
     uint ConcGCThreads                            = 1                                         {product} {ergonomic}
     uint G1ConcRefinementThreads                  = 2                                         {product} {ergonomic}
   size_t G1HeapRegionSize                         = 1048576                                   {product} {ergonomic}
    uintx GCDrainStackTargetSize                   = 64                                        {product} {ergonomic}
   size_t InitialHeapSize                          = 67108864                                  {product} {ergonomic}
   size_t MarkStackSize                            = 4194304                                   {product} {ergonomic}
   size_t MaxHeapSize                              = 1073741824                                {product} {ergonomic}
   size_t MaxNewSize                               = 643825664                                 {product} {ergonomic}
   size_t MinHeapDeltaBytes                        = 1048576                                   {product} {ergonomic}
   size_t MinHeapSize                              = 8388608                                   {product} {ergonomic}
    uintx NonNMethodCodeHeapSize                   = 5826188                                {pd product} {ergonomic}
    uintx NonProfiledCodeHeapSize                  = 122916026                              {pd product} {ergonomic}
    uintx ProfiledCodeHeapSize                     = 122916026                              {pd product} {ergonomic}
    uintx ReservedCodeCacheSize                    = 251658240                              {pd product} {ergonomic}
     bool SegmentedCodeCache                       = true                                      {product} {ergonomic}
   size_t SoftMaxHeapSize                          = 1073741824                             {manageable} {ergonomic}
     bool UseCompressedClassPointers               = true                                 {lp64_product} {ergonomic}
     bool UseCompressedOops                        = true                                 {lp64_product} {ergonomic}
     bool UseG1GC                                  = true                                      {product} {ergonomic}
     bool UseLargePagesIndividualAllocation        = false                                  {pd product} {ergonomic}

Logging:
Log output configuration:
 #0: stdout all=warning uptime,level,tags
 #1: stderr all=off uptime,level,tags

Environment Variables:
PATH=C:\Windows\system32;C:\Windows;C:\Windows\System32\Wbem;C:\Windows\System32\WindowsPowerShell\v1.0\;c:\Program Files (x86)\Microsoft SQL Server\100\Tools\Binn\;c:\Program Files\Microsoft SQL Server\100\Tools\Binn\;c:\Program Files\Microsoft SQL Server\100\DTS\Binn\;C:\Program Files\Git\cmd;c:\Program Files (x86)\GitExtensions\;c:\Program Files\nodejs\;C:\Program Files\dotnet\;C:\Program Files\Microsoft SQL Server\130\Tools\Binn\;C:\Program Files\Microsoft SQL Server\Client SDK\ODBC\170\Tools\Binn\;C:\Users\Administrator\AppData\Local\Microsoft\WindowsApps;c:\Users\Administrator\AppData\Roaming\npm;c:\xampp\php;C:\Users\Administrator\AppData\Local\Microsoft\WindowsApps;c:\Users\Administrator\AppData\Roaming\npm;C:\Users\Administrator\AppData\Local\Programs\Microsoft VS Code\bin
USERNAME=Administrator
OS=Windows_NT
PROCESSOR_IDENTIFIER=Intel64 Family 6 Model 94 Stepping 3, GenuineIntel



---------------  S Y S T E M  ---------------

OS: Windows Server 2016 , 64 bit Build 14393 (10.0.14393.1198)

CPU:total 2 (initial active 2) (2 cores per cpu, 1 threads per core) family 6 model 94 stepping 3, cmov, cx8, fxsr, mmx, sse, sse2, sse3, ssse3, sse4.1, sse4.2, popcnt, avx, avx2, aes, clmul, 3dnowpref, lzcnt, tsc, tscinvbit

Memory: 4k page, system-wide physical 4095M (526M free)
TotalPageFile size 4095M (AvailPageFile size 191M)
current process WorkingSet (physical memory assigned to process): 210M, peak: 211M
current process commit charge ("private bytes"): 239M, peak: 259M

vm_info: Java HotSpot(TM) 64-Bit Server VM (13.0.2+8) for windows-amd64 JRE (13.0.2+8), built on Dec 11 2019 09:20:33 by "mach5one" with unknown MS VC++:1916

END.
